<?xml version="1.0" encoding="UTF-8"?>
<!-- Generated by org.testng.reporters.JUnitReportReporter -->
<testsuite hostname="DESKTOP-T73090F" name="TestNGPractise.FirstTest" tests="2" failures="0" timestamp="21 May 2023 11:17:36 GMT" time="38.208" errors="0">
  <testcase name="TestGoogle" time="17.820" classname="TestNGPractise.FirstTest"/>
  <testcase name="TestFacebook" time="20.388" classname="TestNGPractise.FirstTest"/>
</testsuite> <!-- TestNGPractise.FirstTest -->
