<?xml version="1.0" encoding="UTF-8"?>
<!-- Generated by org.testng.reporters.JUnitReportReporter -->
<testsuite hostname="DESKTOP-T73090F" name="TestNGPractise.DemoTest_Priority" tests="3" failures="0" timestamp="21 May 2023 10:03:25 GMT" time="0.024" errors="0">
  <testcase name="dummy" time="0.001" classname="TestNGPractise.DemoTest_Priority"/>
  <testcase name="demo" time="0.002" classname="TestNGPractise.DemoTest_Priority"/>
  <testcase name="sample" time="0.021" classname="TestNGPractise.DemoTest_Priority"/>
</testsuite> <!-- TestNGPractise.DemoTest_Priority -->
