<?xml version="1.0" encoding="UTF-8"?>
<!-- Generated by org.testng.reporters.JUnitReportReporter -->
<testsuite hostname="DESKTOP-T73090F" name="TestNGPractise.DemoTest" tests="2" failures="0" timestamp="21 May 2023 09:59:10 GMT" time="0.017" errors="0">
  <testcase name="demo" time="0.016" classname="TestNGPractise.DemoTest"/>
  <testcase name="sample" time="0.001" classname="TestNGPractise.DemoTest"/>
</testsuite> <!-- TestNGPractise.DemoTest -->
