<?xml version="1.0" encoding="UTF-8"?>
<!-- Generated by org.testng.reporters.JUnitReportReporter -->
<testsuite hostname="DESKTOP-T73090F" name="TestNGPractise.CrossBrowserTest" tests="3" failures="0" timestamp="23 May 2023 12:03:10 GMT" time="9.145" errors="0">
  <testcase name="SourceforqualityPage" time="4.072" classname="TestNGPractise.CrossBrowserTest"/>
  <testcase name="SourceforqualityPage" time="2.134" classname="TestNGPractise.CrossBrowserTest"/>
  <testcase name="SourceforqualityPage" time="2.939" classname="TestNGPractise.CrossBrowserTest"/>
</testsuite> <!-- TestNGPractise.CrossBrowserTest -->
